2018-07-11 20:29:51,755 DEBUG    root            No implementation for release track [GA] for element: [/Users/r/Downloads/google-cloud-sdk/lib/surface/tasks]
2018-07-11 20:29:51,767 DEBUG    root            Loaded Command Group: [u'gcloud', u'feedback']
2018-07-11 20:29:51,770 DEBUG    root            Loaded Command Group: [u'gcloud', u'app']
2018-07-11 20:29:51,772 DEBUG    root            No implementation for release track [GA] for element: [/Users/r/Downloads/google-cloud-sdk/lib/surface/access_context_manager]
2018-07-11 20:29:51,773 DEBUG    root            Loaded Command Group: [u'gcloud', u'services']
2018-07-11 20:29:51,776 DEBUG    root            Loaded Command Group: [u'gcloud', u'meta']
2018-07-11 20:29:51,778 DEBUG    root            No implementation for release track [GA] for element: [/Users/r/Downloads/google-cloud-sdk/lib/surface/composer]
2018-07-11 20:29:51,780 DEBUG    root            Loaded Command Group: [u'gcloud', u'datastore']
2018-07-11 20:29:51,782 DEBUG    root            Loaded Command Group: [u'gcloud', u'help']
2018-07-11 20:29:51,784 DEBUG    root            Loaded Command Group: [u'gcloud', u'iam']
2018-07-11 20:29:51,786 DEBUG    root            No implementation for release track [GA] for element: [/Users/r/Downloads/google-cloud-sdk/lib/surface/genomics]
2018-07-11 20:29:51,789 DEBUG    root            Loaded Command Group: [u'gcloud', u'functions']
2018-07-11 20:29:51,792 DEBUG    root            No implementation for release track [GA] for element: [/Users/r/Downloads/google-cloud-sdk/lib/surface/monitoring]
2018-07-11 20:29:51,794 DEBUG    root            No implementation for release track [GA] for element: [/Users/r/Downloads/google-cloud-sdk/lib/surface/billing]
2018-07-11 20:29:51,795 DEBUG    root            No implementation for release track [GA] for element: [/Users/r/Downloads/google-cloud-sdk/lib/surface/redis]
2018-07-11 20:29:51,796 DEBUG    root            Loaded Command Group: [u'gcloud', u'source']
2018-07-11 20:29:51,802 DEBUG    root            Loaded Command Group: [u'gcloud', u'init']
2018-07-11 20:29:51,805 DEBUG    root            No implementation for release track [GA] for element: [/Users/r/Downloads/google-cloud-sdk/lib/surface/dlp]
2018-07-11 20:29:51,806 DEBUG    root            Loaded Command Group: [u'gcloud', u'kms']
2018-07-11 20:29:51,808 DEBUG    root            No implementation for release track [GA] for element: [/Users/r/Downloads/google-cloud-sdk/lib/surface/bigtable]
2018-07-11 20:29:51,810 DEBUG    root            Loaded Command Group: [u'gcloud', u'dns']
2018-07-11 20:29:51,812 DEBUG    root            Loaded Command Group: [u'gcloud', u'config']
2018-07-11 20:29:51,815 DEBUG    root            No implementation for release track [GA] for element: [/Users/r/Downloads/google-cloud-sdk/lib/surface/resources]
2018-07-11 20:29:51,817 DEBUG    root            No implementation for release track [GA] for element: [/Users/r/Downloads/google-cloud-sdk/lib/surface/cloud_shell]
2018-07-11 20:29:51,818 DEBUG    root            Loaded Command Group: [u'gcloud', u'info']
2018-07-11 20:29:52,181 DEBUG    root            No implementation for release track [GA] for element: [/Users/r/Downloads/google-cloud-sdk/lib/surface/interactive]
2018-07-11 20:29:52,182 DEBUG    root            Loaded Command Group: [u'gcloud', u'components']
2018-07-11 20:29:52,187 DEBUG    root            Loaded Command Group: [u'gcloud', u'organizations']
2018-07-11 20:29:52,191 DEBUG    root            Loaded Command Group: [u'gcloud', u'dataproc']
2018-07-11 20:29:52,229 DEBUG    root            Loaded Command Group: [u'gcloud', u'ml_engine']
2018-07-11 20:29:52,234 DEBUG    root            Loaded Command Group: [u'gcloud', u'iot']
2018-07-11 20:29:52,238 DEBUG    root            No implementation for release track [GA] for element: [/Users/r/Downloads/google-cloud-sdk/lib/surface/emulators]
2018-07-11 20:29:52,239 DEBUG    root            Loaded Command Group: [u'gcloud', u'auth']
2018-07-11 20:29:52,246 DEBUG    root            Loaded Command Group: [u'gcloud', u'debug']
2018-07-11 20:29:52,251 DEBUG    root            Loaded Command Group: [u'gcloud', u'firebase']
2018-07-11 20:29:52,253 DEBUG    root            No implementation for release track [GA] for element: [/Users/r/Downloads/google-cloud-sdk/lib/surface/category_manager]
2018-07-11 20:29:52,254 DEBUG    root            No implementation for release track [GA] for element: [/Users/r/Downloads/google-cloud-sdk/lib/surface/scheduler]
2018-07-11 20:29:52,256 DEBUG    root            Loaded Command Group: [u'gcloud', u'sql']
2018-07-11 20:29:52,259 DEBUG    root            Loaded Command Group: [u'gcloud', u'spanner']
2018-07-11 20:29:52,292 DEBUG    root            Loaded Command Group: [u'gcloud', u'container']
2018-07-11 20:29:52,294 DEBUG    root            Loaded Command Group: [u'gcloud', u'version']
2018-07-11 20:29:52,296 DEBUG    root            Loaded Command Group: [u'gcloud', u'projects']
2018-07-11 20:29:52,299 DEBUG    root            No implementation for release track [GA] for element: [/Users/r/Downloads/google-cloud-sdk/lib/surface/resource_manager]
2018-07-11 20:29:52,300 DEBUG    root            Loaded Command Group: [u'gcloud', u'topic']
2018-07-11 20:29:52,303 DEBUG    root            Loaded Command Group: [u'gcloud', u'logging']
2018-07-11 20:29:52,308 DEBUG    root            Loaded Command Group: [u'gcloud', u'builds']
2018-07-11 20:29:52,312 DEBUG    root            Loaded Command Group: [u'gcloud', u'service_management']
2018-07-11 20:29:52,315 DEBUG    root            Loaded Command Group: [u'gcloud', u'dataflow']
2018-07-11 20:29:52,318 DEBUG    root            Loaded Command Group: [u'gcloud', u'ml']
2018-07-11 20:29:52,322 DEBUG    root            No implementation for release track [GA] for element: [/Users/r/Downloads/google-cloud-sdk/lib/surface/runtime_config]
2018-07-11 20:29:52,330 DEBUG    root            No implementation for release track [GA] for element: [/Users/r/Downloads/google-cloud-sdk/lib/surface/search_help]
2018-07-11 20:29:52,334 DEBUG    root            No implementation for release track [GA] for element: [/Users/r/Downloads/google-cloud-sdk/lib/surface/error_reporting]
2018-07-11 20:29:52,336 DEBUG    root            Loaded Command Group: [u'gcloud', u'domains']
2018-07-11 20:29:52,340 DEBUG    root            No implementation for release track [GA] for element: [/Users/r/Downloads/google-cloud-sdk/lib/surface/filestore]
2018-07-11 20:29:52,350 DEBUG    root            Loaded Command Group: [u'gcloud', u'docker']
2018-07-11 20:29:52,352 DEBUG    root            Loaded Command Group: [u'gcloud', u'endpoints']
2018-07-11 20:29:52,355 DEBUG    root            Loaded Command Group: [u'gcloud', u'pubsub']
2018-07-11 20:29:52,358 DEBUG    root            Loaded Command Group: [u'gcloud', u'deployment_manager']
2018-07-11 20:29:52,360 ERROR    root            (gcloud) Invalid choice: 'install'.
