2018-07-11 20:27:57,615 DEBUG    root            Loaded Command Group: [u'gcloud', u'components']
2018-07-11 20:27:57,619 DEBUG    root            Loaded Command Group: [u'gcloud', u'components', u'list']
2018-07-11 20:27:57,622 DEBUG    root            Running [gcloud.components.list] with arguments: [--quiet: "True"]
2018-07-11 20:27:59,245 INFO     ___FILE_ONLY___ 
Your current Cloud SDK version is: 208.0.0

2018-07-11 20:27:59,245 INFO     ___FILE_ONLY___ The latest available version is: 208.0.0

2018-07-11 20:27:59,245 INFO     ___FILE_ONLY___ 

2018-07-11 20:27:59,246 INFO     root            Display format: "table[box,title="Components"](state.name:label=Status,name:label=Name,id:label=ID,size.size(zero="",min=1048576):label=Size:align=right)"
2018-07-11 20:27:59,254 INFO     ___FILE_ONLY___ ┌─────────────────────────────────────────────────────────────────────────────────────────────────────────────┐
2018-07-11 20:27:59,254 INFO     ___FILE_ONLY___ 

2018-07-11 20:27:59,254 INFO     ___FILE_ONLY___ │                                                  Components                                                 │
2018-07-11 20:27:59,254 INFO     ___FILE_ONLY___ 

2018-07-11 20:27:59,254 INFO     ___FILE_ONLY___ ├───────────────┬──────────────────────────────────────────────────────┬──────────────────────────┬───────────┤
2018-07-11 20:27:59,254 INFO     ___FILE_ONLY___ 

2018-07-11 20:27:59,254 INFO     ___FILE_ONLY___ │     Status    │                         Name                         │            ID            │    Size   │
2018-07-11 20:27:59,255 INFO     ___FILE_ONLY___ 

2018-07-11 20:27:59,255 INFO     ___FILE_ONLY___ ├───────────────┼──────────────────────────────────────────────────────┼──────────────────────────┼───────────┤
2018-07-11 20:27:59,255 INFO     ___FILE_ONLY___ 

2018-07-11 20:27:59,255 INFO     ___FILE_ONLY___ │ 
2018-07-11 20:27:59,255 INFO     ___FILE_ONLY___ Not Installed
2018-07-11 20:27:59,255 INFO     ___FILE_ONLY___  
2018-07-11 20:27:59,255 INFO     ___FILE_ONLY___ │ 
2018-07-11 20:27:59,255 INFO     ___FILE_ONLY___ App Engine Go Extensions                            
2018-07-11 20:27:59,255 INFO     ___FILE_ONLY___  
2018-07-11 20:27:59,255 INFO     ___FILE_ONLY___ │ 
2018-07-11 20:27:59,256 INFO     ___FILE_ONLY___ app-engine-go           
2018-07-11 20:27:59,256 INFO     ___FILE_ONLY___  
2018-07-11 20:27:59,256 INFO     ___FILE_ONLY___ │ 
2018-07-11 20:27:59,256 INFO     ___FILE_ONLY___ 152.8 MiB
2018-07-11 20:27:59,256 INFO     ___FILE_ONLY___  
2018-07-11 20:27:59,256 INFO     ___FILE_ONLY___ │
2018-07-11 20:27:59,256 INFO     ___FILE_ONLY___ 

2018-07-11 20:27:59,256 INFO     ___FILE_ONLY___ │ 
2018-07-11 20:27:59,257 INFO     ___FILE_ONLY___ Not Installed
2018-07-11 20:27:59,257 INFO     ___FILE_ONLY___  
2018-07-11 20:27:59,257 INFO     ___FILE_ONLY___ │ 
2018-07-11 20:27:59,257 INFO     ___FILE_ONLY___ Cloud Bigtable Command Line Tool                    
2018-07-11 20:27:59,257 INFO     ___FILE_ONLY___  
2018-07-11 20:27:59,259 INFO     ___FILE_ONLY___ │ 
2018-07-11 20:27:59,259 INFO     ___FILE_ONLY___ cbt                     
2018-07-11 20:27:59,259 INFO     ___FILE_ONLY___  
2018-07-11 20:27:59,260 INFO     ___FILE_ONLY___ │ 
2018-07-11 20:27:59,260 INFO     ___FILE_ONLY___   4.9 MiB
2018-07-11 20:27:59,260 INFO     ___FILE_ONLY___  
2018-07-11 20:27:59,261 INFO     ___FILE_ONLY___ │
2018-07-11 20:27:59,261 INFO     ___FILE_ONLY___ 

2018-07-11 20:27:59,261 INFO     ___FILE_ONLY___ │ 
2018-07-11 20:27:59,262 INFO     ___FILE_ONLY___ Not Installed
2018-07-11 20:27:59,262 INFO     ___FILE_ONLY___  
2018-07-11 20:27:59,262 INFO     ___FILE_ONLY___ │ 
2018-07-11 20:27:59,262 INFO     ___FILE_ONLY___ Cloud Bigtable Emulator                             
2018-07-11 20:27:59,262 INFO     ___FILE_ONLY___  
2018-07-11 20:27:59,262 INFO     ___FILE_ONLY___ │ 
2018-07-11 20:27:59,263 INFO     ___FILE_ONLY___ bigtable                
2018-07-11 20:27:59,263 INFO     ___FILE_ONLY___  
2018-07-11 20:27:59,263 INFO     ___FILE_ONLY___ │ 
2018-07-11 20:27:59,264 INFO     ___FILE_ONLY___   4.3 MiB
2018-07-11 20:27:59,264 INFO     ___FILE_ONLY___  
2018-07-11 20:27:59,264 INFO     ___FILE_ONLY___ │
2018-07-11 20:27:59,264 INFO     ___FILE_ONLY___ 

2018-07-11 20:27:59,264 INFO     ___FILE_ONLY___ │ 
2018-07-11 20:27:59,264 INFO     ___FILE_ONLY___ Not Installed
2018-07-11 20:27:59,264 INFO     ___FILE_ONLY___  
2018-07-11 20:27:59,264 INFO     ___FILE_ONLY___ │ 
2018-07-11 20:27:59,264 INFO     ___FILE_ONLY___ Cloud Datalab Command Line Tool                     
2018-07-11 20:27:59,264 INFO     ___FILE_ONLY___  
2018-07-11 20:27:59,264 INFO     ___FILE_ONLY___ │ 
2018-07-11 20:27:59,265 INFO     ___FILE_ONLY___ datalab                 
2018-07-11 20:27:59,265 INFO     ___FILE_ONLY___  
2018-07-11 20:27:59,265 INFO     ___FILE_ONLY___ │ 
2018-07-11 20:27:59,266 INFO     ___FILE_ONLY___   < 1 MiB
2018-07-11 20:27:59,266 INFO     ___FILE_ONLY___  
2018-07-11 20:27:59,266 INFO     ___FILE_ONLY___ │
2018-07-11 20:27:59,266 INFO     ___FILE_ONLY___ 

2018-07-11 20:27:59,266 INFO     ___FILE_ONLY___ │ 
2018-07-11 20:27:59,266 INFO     ___FILE_ONLY___ Not Installed
2018-07-11 20:27:59,266 INFO     ___FILE_ONLY___  
2018-07-11 20:27:59,267 INFO     ___FILE_ONLY___ │ 
2018-07-11 20:27:59,267 INFO     ___FILE_ONLY___ Cloud Datastore Emulator                            
2018-07-11 20:27:59,267 INFO     ___FILE_ONLY___  
2018-07-11 20:27:59,267 INFO     ___FILE_ONLY___ │ 
2018-07-11 20:27:59,267 INFO     ___FILE_ONLY___ cloud-datastore-emulator
2018-07-11 20:27:59,267 INFO     ___FILE_ONLY___  
2018-07-11 20:27:59,267 INFO     ___FILE_ONLY___ │ 
2018-07-11 20:27:59,267 INFO     ___FILE_ONLY___  17.4 MiB
2018-07-11 20:27:59,267 INFO     ___FILE_ONLY___  
2018-07-11 20:27:59,267 INFO     ___FILE_ONLY___ │
2018-07-11 20:27:59,267 INFO     ___FILE_ONLY___ 

2018-07-11 20:27:59,268 INFO     ___FILE_ONLY___ │ 
2018-07-11 20:27:59,268 INFO     ___FILE_ONLY___ Not Installed
2018-07-11 20:27:59,268 INFO     ___FILE_ONLY___  
2018-07-11 20:27:59,268 INFO     ___FILE_ONLY___ │ 
2018-07-11 20:27:59,268 INFO     ___FILE_ONLY___ Cloud Datastore Emulator (Legacy)                   
2018-07-11 20:27:59,268 INFO     ___FILE_ONLY___  
2018-07-11 20:27:59,268 INFO     ___FILE_ONLY___ │ 
2018-07-11 20:27:59,268 INFO     ___FILE_ONLY___ gcd-emulator            
2018-07-11 20:27:59,268 INFO     ___FILE_ONLY___  
2018-07-11 20:27:59,268 INFO     ___FILE_ONLY___ │ 
2018-07-11 20:27:59,269 INFO     ___FILE_ONLY___  38.1 MiB
2018-07-11 20:27:59,269 INFO     ___FILE_ONLY___  
2018-07-11 20:27:59,269 INFO     ___FILE_ONLY___ │
2018-07-11 20:27:59,269 INFO     ___FILE_ONLY___ 

2018-07-11 20:27:59,269 INFO     ___FILE_ONLY___ │ 
2018-07-11 20:27:59,269 INFO     ___FILE_ONLY___ Not Installed
2018-07-11 20:27:59,269 INFO     ___FILE_ONLY___  
2018-07-11 20:27:59,269 INFO     ___FILE_ONLY___ │ 
2018-07-11 20:27:59,269 INFO     ___FILE_ONLY___ Cloud Pub/Sub Emulator                              
2018-07-11 20:27:59,270 INFO     ___FILE_ONLY___  
2018-07-11 20:27:59,270 INFO     ___FILE_ONLY___ │ 
2018-07-11 20:27:59,270 INFO     ___FILE_ONLY___ pubsub-emulator         
2018-07-11 20:27:59,270 INFO     ___FILE_ONLY___  
2018-07-11 20:27:59,270 INFO     ___FILE_ONLY___ │ 
2018-07-11 20:27:59,270 INFO     ___FILE_ONLY___  33.4 MiB
2018-07-11 20:27:59,270 INFO     ___FILE_ONLY___  
2018-07-11 20:27:59,270 INFO     ___FILE_ONLY___ │
2018-07-11 20:27:59,270 INFO     ___FILE_ONLY___ 

2018-07-11 20:27:59,270 INFO     ___FILE_ONLY___ │ 
2018-07-11 20:27:59,271 INFO     ___FILE_ONLY___ Not Installed
2018-07-11 20:27:59,271 INFO     ___FILE_ONLY___  
2018-07-11 20:27:59,271 INFO     ___FILE_ONLY___ │ 
2018-07-11 20:27:59,271 INFO     ___FILE_ONLY___ Cloud SQL Proxy                                     
2018-07-11 20:27:59,271 INFO     ___FILE_ONLY___  
2018-07-11 20:27:59,271 INFO     ___FILE_ONLY___ │ 
2018-07-11 20:27:59,271 INFO     ___FILE_ONLY___ cloud_sql_proxy         
2018-07-11 20:27:59,271 INFO     ___FILE_ONLY___  
2018-07-11 20:27:59,272 INFO     ___FILE_ONLY___ │ 
2018-07-11 20:27:59,272 INFO     ___FILE_ONLY___   2.5 MiB
2018-07-11 20:27:59,272 INFO     ___FILE_ONLY___  
2018-07-11 20:27:59,272 INFO     ___FILE_ONLY___ │
2018-07-11 20:27:59,272 INFO     ___FILE_ONLY___ 

2018-07-11 20:27:59,272 INFO     ___FILE_ONLY___ │ 
2018-07-11 20:27:59,273 INFO     ___FILE_ONLY___ Not Installed
2018-07-11 20:27:59,273 INFO     ___FILE_ONLY___  
2018-07-11 20:27:59,273 INFO     ___FILE_ONLY___ │ 
2018-07-11 20:27:59,273 INFO     ___FILE_ONLY___ Emulator Reverse Proxy                              
2018-07-11 20:27:59,273 INFO     ___FILE_ONLY___  
2018-07-11 20:27:59,274 INFO     ___FILE_ONLY___ │ 
2018-07-11 20:27:59,274 INFO     ___FILE_ONLY___ emulator-reverse-proxy  
2018-07-11 20:27:59,274 INFO     ___FILE_ONLY___  
2018-07-11 20:27:59,274 INFO     ___FILE_ONLY___ │ 
2018-07-11 20:27:59,275 INFO     ___FILE_ONLY___  14.5 MiB
2018-07-11 20:27:59,275 INFO     ___FILE_ONLY___  
2018-07-11 20:27:59,275 INFO     ___FILE_ONLY___ │
2018-07-11 20:27:59,275 INFO     ___FILE_ONLY___ 

2018-07-11 20:27:59,275 INFO     ___FILE_ONLY___ │ 
2018-07-11 20:27:59,277 INFO     ___FILE_ONLY___ Not Installed
2018-07-11 20:27:59,280 INFO     ___FILE_ONLY___  
2018-07-11 20:27:59,280 INFO     ___FILE_ONLY___ │ 
2018-07-11 20:27:59,281 INFO     ___FILE_ONLY___ Google Cloud Build Local Builder                    
2018-07-11 20:27:59,282 INFO     ___FILE_ONLY___  
2018-07-11 20:27:59,283 INFO     ___FILE_ONLY___ │ 
2018-07-11 20:27:59,283 INFO     ___FILE_ONLY___ cloud-build-local       
2018-07-11 20:27:59,284 INFO     ___FILE_ONLY___  
2018-07-11 20:27:59,284 INFO     ___FILE_ONLY___ │ 
2018-07-11 20:27:59,285 INFO     ___FILE_ONLY___   4.4 MiB
2018-07-11 20:27:59,285 INFO     ___FILE_ONLY___  
2018-07-11 20:27:59,285 INFO     ___FILE_ONLY___ │
2018-07-11 20:27:59,285 INFO     ___FILE_ONLY___ 

2018-07-11 20:27:59,285 INFO     ___FILE_ONLY___ │ 
2018-07-11 20:27:59,286 INFO     ___FILE_ONLY___ Not Installed
2018-07-11 20:27:59,287 INFO     ___FILE_ONLY___  
2018-07-11 20:27:59,287 INFO     ___FILE_ONLY___ │ 
2018-07-11 20:27:59,289 INFO     ___FILE_ONLY___ Google Container Local Builder                      
2018-07-11 20:27:59,289 INFO     ___FILE_ONLY___  
2018-07-11 20:27:59,289 INFO     ___FILE_ONLY___ │ 
2018-07-11 20:27:59,290 INFO     ___FILE_ONLY___ container-builder-local 
2018-07-11 20:27:59,290 INFO     ___FILE_ONLY___  
2018-07-11 20:27:59,290 INFO     ___FILE_ONLY___ │ 
2018-07-11 20:27:59,290 INFO     ___FILE_ONLY___   4.4 MiB
2018-07-11 20:27:59,291 INFO     ___FILE_ONLY___  
2018-07-11 20:27:59,291 INFO     ___FILE_ONLY___ │
2018-07-11 20:27:59,291 INFO     ___FILE_ONLY___ 

2018-07-11 20:27:59,291 INFO     ___FILE_ONLY___ │ 
2018-07-11 20:27:59,291 INFO     ___FILE_ONLY___ Not Installed
2018-07-11 20:27:59,291 INFO     ___FILE_ONLY___  
2018-07-11 20:27:59,291 INFO     ___FILE_ONLY___ │ 
2018-07-11 20:27:59,292 INFO     ___FILE_ONLY___ Google Container Registry's Docker credential helper
2018-07-11 20:27:59,292 INFO     ___FILE_ONLY___  
2018-07-11 20:27:59,292 INFO     ___FILE_ONLY___ │ 
2018-07-11 20:27:59,292 INFO     ___FILE_ONLY___ docker-credential-gcr   
2018-07-11 20:27:59,292 INFO     ___FILE_ONLY___  
2018-07-11 20:27:59,292 INFO     ___FILE_ONLY___ │ 
2018-07-11 20:27:59,292 INFO     ___FILE_ONLY___   1.8 MiB
2018-07-11 20:27:59,292 INFO     ___FILE_ONLY___  
2018-07-11 20:27:59,292 INFO     ___FILE_ONLY___ │
2018-07-11 20:27:59,292 INFO     ___FILE_ONLY___ 

2018-07-11 20:27:59,292 INFO     ___FILE_ONLY___ │ 
2018-07-11 20:27:59,292 INFO     ___FILE_ONLY___ Not Installed
2018-07-11 20:27:59,293 INFO     ___FILE_ONLY___  
2018-07-11 20:27:59,293 INFO     ___FILE_ONLY___ │ 
2018-07-11 20:27:59,293 INFO     ___FILE_ONLY___ gcloud Alpha Commands                               
2018-07-11 20:27:59,293 INFO     ___FILE_ONLY___  
2018-07-11 20:27:59,293 INFO     ___FILE_ONLY___ │ 
2018-07-11 20:27:59,293 INFO     ___FILE_ONLY___ alpha                   
2018-07-11 20:27:59,293 INFO     ___FILE_ONLY___  
2018-07-11 20:27:59,293 INFO     ___FILE_ONLY___ │ 
2018-07-11 20:27:59,293 INFO     ___FILE_ONLY___   < 1 MiB
2018-07-11 20:27:59,293 INFO     ___FILE_ONLY___  
2018-07-11 20:27:59,293 INFO     ___FILE_ONLY___ │
2018-07-11 20:27:59,293 INFO     ___FILE_ONLY___ 

2018-07-11 20:27:59,293 INFO     ___FILE_ONLY___ │ 
2018-07-11 20:27:59,294 INFO     ___FILE_ONLY___ Not Installed
2018-07-11 20:27:59,294 INFO     ___FILE_ONLY___  
2018-07-11 20:27:59,294 INFO     ___FILE_ONLY___ │ 
2018-07-11 20:27:59,294 INFO     ___FILE_ONLY___ gcloud Beta Commands                                
2018-07-11 20:27:59,294 INFO     ___FILE_ONLY___  
2018-07-11 20:27:59,294 INFO     ___FILE_ONLY___ │ 
2018-07-11 20:27:59,294 INFO     ___FILE_ONLY___ beta                    
2018-07-11 20:27:59,294 INFO     ___FILE_ONLY___  
2018-07-11 20:27:59,294 INFO     ___FILE_ONLY___ │ 
2018-07-11 20:27:59,295 INFO     ___FILE_ONLY___   < 1 MiB
2018-07-11 20:27:59,295 INFO     ___FILE_ONLY___  
2018-07-11 20:27:59,295 INFO     ___FILE_ONLY___ │
2018-07-11 20:27:59,295 INFO     ___FILE_ONLY___ 

2018-07-11 20:27:59,295 INFO     ___FILE_ONLY___ │ 
2018-07-11 20:27:59,295 INFO     ___FILE_ONLY___ Not Installed
2018-07-11 20:27:59,295 INFO     ___FILE_ONLY___  
2018-07-11 20:27:59,295 INFO     ___FILE_ONLY___ │ 
2018-07-11 20:27:59,295 INFO     ___FILE_ONLY___ gcloud app Java Extensions                          
2018-07-11 20:27:59,296 INFO     ___FILE_ONLY___  
2018-07-11 20:27:59,296 INFO     ___FILE_ONLY___ │ 
2018-07-11 20:27:59,296 INFO     ___FILE_ONLY___ app-engine-java         
2018-07-11 20:27:59,296 INFO     ___FILE_ONLY___  
2018-07-11 20:27:59,296 INFO     ___FILE_ONLY___ │ 
2018-07-11 20:27:59,296 INFO     ___FILE_ONLY___ 118.6 MiB
2018-07-11 20:27:59,296 INFO     ___FILE_ONLY___  
2018-07-11 20:27:59,296 INFO     ___FILE_ONLY___ │
2018-07-11 20:27:59,296 INFO     ___FILE_ONLY___ 

2018-07-11 20:27:59,296 INFO     ___FILE_ONLY___ │ 
2018-07-11 20:27:59,296 INFO     ___FILE_ONLY___ Not Installed
2018-07-11 20:27:59,297 INFO     ___FILE_ONLY___  
2018-07-11 20:27:59,297 INFO     ___FILE_ONLY___ │ 
2018-07-11 20:27:59,297 INFO     ___FILE_ONLY___ gcloud app PHP Extensions                           
2018-07-11 20:27:59,297 INFO     ___FILE_ONLY___  
2018-07-11 20:27:59,297 INFO     ___FILE_ONLY___ │ 
2018-07-11 20:27:59,297 INFO     ___FILE_ONLY___ app-engine-php          
2018-07-11 20:27:59,297 INFO     ___FILE_ONLY___  
2018-07-11 20:27:59,297 INFO     ___FILE_ONLY___ │ 
2018-07-11 20:27:59,298 INFO     ___FILE_ONLY___  21.9 MiB
2018-07-11 20:27:59,298 INFO     ___FILE_ONLY___  
2018-07-11 20:27:59,298 INFO     ___FILE_ONLY___ │
2018-07-11 20:27:59,298 INFO     ___FILE_ONLY___ 

2018-07-11 20:27:59,298 INFO     ___FILE_ONLY___ │ 
2018-07-11 20:27:59,298 INFO     ___FILE_ONLY___ Not Installed
2018-07-11 20:27:59,298 INFO     ___FILE_ONLY___  
2018-07-11 20:27:59,298 INFO     ___FILE_ONLY___ │ 
2018-07-11 20:27:59,298 INFO     ___FILE_ONLY___ gcloud app Python Extensions                        
2018-07-11 20:27:59,299 INFO     ___FILE_ONLY___  
2018-07-11 20:27:59,299 INFO     ___FILE_ONLY___ │ 
2018-07-11 20:27:59,299 INFO     ___FILE_ONLY___ app-engine-python       
2018-07-11 20:27:59,299 INFO     ___FILE_ONLY___  
2018-07-11 20:27:59,299 INFO     ___FILE_ONLY___ │ 
2018-07-11 20:27:59,299 INFO     ___FILE_ONLY___   6.1 MiB
2018-07-11 20:27:59,299 INFO     ___FILE_ONLY___  
2018-07-11 20:27:59,299 INFO     ___FILE_ONLY___ │
2018-07-11 20:27:59,299 INFO     ___FILE_ONLY___ 

2018-07-11 20:27:59,299 INFO     ___FILE_ONLY___ │ 
2018-07-11 20:27:59,300 INFO     ___FILE_ONLY___ Not Installed
2018-07-11 20:27:59,300 INFO     ___FILE_ONLY___  
2018-07-11 20:27:59,300 INFO     ___FILE_ONLY___ │ 
2018-07-11 20:27:59,300 INFO     ___FILE_ONLY___ gcloud app Python Extensions (Extra Libraries)      
2018-07-11 20:27:59,300 INFO     ___FILE_ONLY___  
2018-07-11 20:27:59,300 INFO     ___FILE_ONLY___ │ 
2018-07-11 20:27:59,300 INFO     ___FILE_ONLY___ app-engine-python-extras
2018-07-11 20:27:59,300 INFO     ___FILE_ONLY___  
2018-07-11 20:27:59,301 INFO     ___FILE_ONLY___ │ 
2018-07-11 20:27:59,301 INFO     ___FILE_ONLY___  28.5 MiB
2018-07-11 20:27:59,301 INFO     ___FILE_ONLY___  
2018-07-11 20:27:59,301 INFO     ___FILE_ONLY___ │
2018-07-11 20:27:59,301 INFO     ___FILE_ONLY___ 

2018-07-11 20:27:59,301 INFO     ___FILE_ONLY___ │ 
2018-07-11 20:27:59,301 INFO     ___FILE_ONLY___ Not Installed
2018-07-11 20:27:59,301 INFO     ___FILE_ONLY___  
2018-07-11 20:27:59,301 INFO     ___FILE_ONLY___ │ 
2018-07-11 20:27:59,301 INFO     ___FILE_ONLY___ kubectl                                             
2018-07-11 20:27:59,302 INFO     ___FILE_ONLY___  
2018-07-11 20:27:59,302 INFO     ___FILE_ONLY___ │ 
2018-07-11 20:27:59,302 INFO     ___FILE_ONLY___ kubectl                 
2018-07-11 20:27:59,302 INFO     ___FILE_ONLY___  
2018-07-11 20:27:59,302 INFO     ___FILE_ONLY___ │ 
2018-07-11 20:27:59,302 INFO     ___FILE_ONLY___  14.8 MiB
2018-07-11 20:27:59,302 INFO     ___FILE_ONLY___  
2018-07-11 20:27:59,302 INFO     ___FILE_ONLY___ │
2018-07-11 20:27:59,302 INFO     ___FILE_ONLY___ 

2018-07-11 20:27:59,302 INFO     ___FILE_ONLY___ │ 
2018-07-11 20:27:59,303 INFO     ___FILE_ONLY___ Installed    
2018-07-11 20:27:59,303 INFO     ___FILE_ONLY___  
2018-07-11 20:27:59,303 INFO     ___FILE_ONLY___ │ 
2018-07-11 20:27:59,303 INFO     ___FILE_ONLY___ BigQuery Command Line Tool                          
2018-07-11 20:27:59,303 INFO     ___FILE_ONLY___  
2018-07-11 20:27:59,303 INFO     ___FILE_ONLY___ │ 
2018-07-11 20:27:59,303 INFO     ___FILE_ONLY___ bq                      
2018-07-11 20:27:59,303 INFO     ___FILE_ONLY___  
2018-07-11 20:27:59,303 INFO     ___FILE_ONLY___ │ 
2018-07-11 20:27:59,303 INFO     ___FILE_ONLY___   < 1 MiB
2018-07-11 20:27:59,303 INFO     ___FILE_ONLY___  
2018-07-11 20:27:59,303 INFO     ___FILE_ONLY___ │
2018-07-11 20:27:59,304 INFO     ___FILE_ONLY___ 

2018-07-11 20:27:59,304 INFO     ___FILE_ONLY___ │ 
2018-07-11 20:27:59,304 INFO     ___FILE_ONLY___ Installed    
2018-07-11 20:27:59,304 INFO     ___FILE_ONLY___  
2018-07-11 20:27:59,304 INFO     ___FILE_ONLY___ │ 
2018-07-11 20:27:59,304 INFO     ___FILE_ONLY___ Cloud SDK Core Libraries                            
2018-07-11 20:27:59,304 INFO     ___FILE_ONLY___  
2018-07-11 20:27:59,304 INFO     ___FILE_ONLY___ │ 
2018-07-11 20:27:59,304 INFO     ___FILE_ONLY___ core                    
2018-07-11 20:27:59,304 INFO     ___FILE_ONLY___  
2018-07-11 20:27:59,304 INFO     ___FILE_ONLY___ │ 
2018-07-11 20:27:59,305 INFO     ___FILE_ONLY___   7.9 MiB
2018-07-11 20:27:59,305 INFO     ___FILE_ONLY___  
2018-07-11 20:27:59,305 INFO     ___FILE_ONLY___ │
2018-07-11 20:27:59,305 INFO     ___FILE_ONLY___ 

2018-07-11 20:27:59,305 INFO     ___FILE_ONLY___ │ 
2018-07-11 20:27:59,305 INFO     ___FILE_ONLY___ Installed    
2018-07-11 20:27:59,305 INFO     ___FILE_ONLY___  
2018-07-11 20:27:59,305 INFO     ___FILE_ONLY___ │ 
2018-07-11 20:27:59,305 INFO     ___FILE_ONLY___ Cloud Storage Command Line Tool                     
2018-07-11 20:27:59,305 INFO     ___FILE_ONLY___  
2018-07-11 20:27:59,306 INFO     ___FILE_ONLY___ │ 
2018-07-11 20:27:59,306 INFO     ___FILE_ONLY___ gsutil                  
2018-07-11 20:27:59,306 INFO     ___FILE_ONLY___  
2018-07-11 20:27:59,306 INFO     ___FILE_ONLY___ │ 
2018-07-11 20:27:59,306 INFO     ___FILE_ONLY___   3.5 MiB
2018-07-11 20:27:59,306 INFO     ___FILE_ONLY___  
2018-07-11 20:27:59,306 INFO     ___FILE_ONLY___ │
2018-07-11 20:27:59,306 INFO     ___FILE_ONLY___ 

2018-07-11 20:27:59,306 INFO     ___FILE_ONLY___ └───────────────┴──────────────────────────────────────────────────────┴──────────────────────────┴───────────┘
2018-07-11 20:27:59,306 INFO     ___FILE_ONLY___ 

2018-07-11 20:27:59,307 INFO     ___FILE_ONLY___ To install or remove components at your current SDK version [208.0.0], run:
  $ gcloud components install COMPONENT_ID
  $ gcloud components remove COMPONENT_ID

To update your SDK installation to the latest version [208.0.0], run:
  $ gcloud components update


