2018-07-11 20:30:03,683 DEBUG    root            Loaded Command Group: [u'gcloud', u'components']
2018-07-11 20:30:03,686 DEBUG    root            Loaded Command Group: [u'gcloud', u'components', u'install']
2018-07-11 20:30:03,692 DEBUG    root            Running [gcloud.components.install] with arguments: [COMPONENT-IDS:1: "[u'beta']"]
2018-07-11 20:30:04,421 INFO     ___FILE_ONLY___ 

2018-07-11 20:30:04,423 INFO     ___FILE_ONLY___ 
Your current Cloud SDK version is: 208.0.0

2018-07-11 20:30:04,423 INFO     ___FILE_ONLY___ Installing components from version: 208.0.0

2018-07-11 20:30:04,423 INFO     ___FILE_ONLY___ 

2018-07-11 20:30:04,427 INFO     ___FILE_ONLY___ ┌─────────────────────────────────────────────┐
2018-07-11 20:30:04,427 INFO     ___FILE_ONLY___ 

2018-07-11 20:30:04,427 INFO     ___FILE_ONLY___ │     These components will be installed.     │
2018-07-11 20:30:04,427 INFO     ___FILE_ONLY___ 

2018-07-11 20:30:04,427 INFO     ___FILE_ONLY___ ├──────────────────────┬────────────┬─────────┤
2018-07-11 20:30:04,427 INFO     ___FILE_ONLY___ 

2018-07-11 20:30:04,428 INFO     ___FILE_ONLY___ │         Name         │  Version   │   Size  │
2018-07-11 20:30:04,428 INFO     ___FILE_ONLY___ 

2018-07-11 20:30:04,428 INFO     ___FILE_ONLY___ ├──────────────────────┼────────────┼─────────┤
2018-07-11 20:30:04,428 INFO     ___FILE_ONLY___ 

2018-07-11 20:30:04,428 INFO     ___FILE_ONLY___ │ 
2018-07-11 20:30:04,428 INFO     ___FILE_ONLY___ gcloud Beta Commands
2018-07-11 20:30:04,429 INFO     ___FILE_ONLY___  
2018-07-11 20:30:04,429 INFO     ___FILE_ONLY___ │ 
2018-07-11 20:30:04,429 INFO     ___FILE_ONLY___ 2018.06.22
2018-07-11 20:30:04,429 INFO     ___FILE_ONLY___  
2018-07-11 20:30:04,429 INFO     ___FILE_ONLY___ │ 
2018-07-11 20:30:04,429 INFO     ___FILE_ONLY___ < 1 MiB
2018-07-11 20:30:04,429 INFO     ___FILE_ONLY___  
2018-07-11 20:30:04,430 INFO     ___FILE_ONLY___ │
2018-07-11 20:30:04,430 INFO     ___FILE_ONLY___ 

2018-07-11 20:30:04,430 INFO     ___FILE_ONLY___ └──────────────────────┴────────────┴─────────┘
2018-07-11 20:30:04,430 INFO     ___FILE_ONLY___ 

2018-07-11 20:30:04,430 INFO     ___FILE_ONLY___ 

2018-07-11 20:30:05,233 INFO     ___FILE_ONLY___ For the latest full release notes, please visit:
  https://cloud.google.com/sdk/release_notes


2018-07-11 20:30:07,224 INFO     ___FILE_ONLY___ ╔════════════════════════════════════════════════════════════╗

2018-07-11 20:30:07,225 INFO     ___FILE_ONLY___ ╠═ Creating update staging area                             ═╣

2018-07-11 20:30:07,225 INFO     ___FILE_ONLY___ ╚
2018-07-11 20:30:07,225 INFO     ___FILE_ONLY___ ══════
2018-07-11 20:30:07,225 INFO     ___FILE_ONLY___ ══════
2018-07-11 20:30:07,225 INFO     ___FILE_ONLY___ ══════
2018-07-11 20:30:07,576 INFO     ___FILE_ONLY___ ═
2018-07-11 20:30:07,750 INFO     ___FILE_ONLY___ ═
2018-07-11 20:30:07,932 INFO     ___FILE_ONLY___ ═
2018-07-11 20:30:08,006 INFO     ___FILE_ONLY___ ═
2018-07-11 20:30:08,068 INFO     ___FILE_ONLY___ ═
2018-07-11 20:30:08,231 INFO     ___FILE_ONLY___ ═
2018-07-11 20:30:08,381 INFO     ___FILE_ONLY___ ═
2018-07-11 20:30:08,816 INFO     ___FILE_ONLY___ ═
2018-07-11 20:30:08,933 INFO     ___FILE_ONLY___ ═
2018-07-11 20:30:09,173 INFO     ___FILE_ONLY___ ═
2018-07-11 20:30:09,306 INFO     ___FILE_ONLY___ ═
2018-07-11 20:30:09,420 INFO     ___FILE_ONLY___ ═
2018-07-11 20:30:09,531 INFO     ___FILE_ONLY___ ═
2018-07-11 20:30:09,732 INFO     ___FILE_ONLY___ ═
2018-07-11 20:30:09,903 INFO     ___FILE_ONLY___ ═
2018-07-11 20:30:10,108 INFO     ___FILE_ONLY___ ═
2018-07-11 20:30:10,273 INFO     ___FILE_ONLY___ ═
2018-07-11 20:30:10,412 INFO     ___FILE_ONLY___ ═
2018-07-11 20:30:10,512 INFO     ___FILE_ONLY___ ═
2018-07-11 20:30:10,602 INFO     ___FILE_ONLY___ ═
2018-07-11 20:30:10,735 INFO     ___FILE_ONLY___ ═
2018-07-11 20:30:10,984 INFO     ___FILE_ONLY___ ═
2018-07-11 20:30:11,116 INFO     ___FILE_ONLY___ ═
2018-07-11 20:30:11,309 INFO     ___FILE_ONLY___ ═
2018-07-11 20:30:11,507 INFO     ___FILE_ONLY___ ═
2018-07-11 20:30:11,727 INFO     ___FILE_ONLY___ ═
2018-07-11 20:30:11,883 INFO     ___FILE_ONLY___ ═
2018-07-11 20:30:12,441 INFO     ___FILE_ONLY___ ═
2018-07-11 20:30:12,650 INFO     ___FILE_ONLY___ ═
2018-07-11 20:30:12,815 INFO     ___FILE_ONLY___ ═
2018-07-11 20:30:13,203 INFO     ___FILE_ONLY___ ═
2018-07-11 20:30:13,622 INFO     ___FILE_ONLY___ ═
2018-07-11 20:30:13,825 INFO     ___FILE_ONLY___ ═
2018-07-11 20:30:14,082 INFO     ___FILE_ONLY___ ═
2018-07-11 20:30:14,283 INFO     ___FILE_ONLY___ ═
2018-07-11 20:30:14,441 INFO     ___FILE_ONLY___ ═
2018-07-11 20:30:14,591 INFO     ___FILE_ONLY___ ═
2018-07-11 20:30:14,715 INFO     ___FILE_ONLY___ ═
2018-07-11 20:30:14,904 INFO     ___FILE_ONLY___ ═
2018-07-11 20:30:15,086 INFO     ___FILE_ONLY___ ═
2018-07-11 20:30:15,254 INFO     ___FILE_ONLY___ ═
2018-07-11 20:30:15,483 INFO     ___FILE_ONLY___ ═
2018-07-11 20:30:15,484 INFO     ___FILE_ONLY___ ╝
2018-07-11 20:30:15,487 INFO     ___FILE_ONLY___ ╠════════════════════════════════════════════════════════════╣

2018-07-11 20:30:15,487 INFO     ___FILE_ONLY___ ╠═ Installing: gcloud Beta Commands                         ═╣

2018-07-11 20:30:15,487 INFO     ___FILE_ONLY___ ╚
2018-07-11 20:30:15,889 INFO     ___FILE_ONLY___ ══════════════════════════════
2018-07-11 20:30:15,890 INFO     ___FILE_ONLY___ ═══════
2018-07-11 20:30:15,890 INFO     ___FILE_ONLY___ ════════
2018-07-11 20:30:15,891 INFO     ___FILE_ONLY___ ═══════
2018-07-11 20:30:15,892 INFO     ___FILE_ONLY___ ════════
2018-07-11 20:30:15,892 INFO     ___FILE_ONLY___ ╝
2018-07-11 20:30:15,898 INFO     ___FILE_ONLY___ ╠════════════════════════════════════════════════════════════╣

2018-07-11 20:30:15,898 INFO     ___FILE_ONLY___ ╠═ Creating backup and activating new installation          ═╣

2018-07-11 20:30:15,898 INFO     ___FILE_ONLY___ ╚
2018-07-11 20:30:15,898 DEBUG    root            Attempting to move directory [/Users/r/Downloads/google-cloud-sdk] to [/Users/r/Downloads/google-cloud-sdk.staging/.install/.backup]
2018-07-11 20:30:15,899 INFO     ___FILE_ONLY___ ══════════════════════════════
2018-07-11 20:30:15,899 DEBUG    root            Attempting to move directory [/Users/r/Downloads/google-cloud-sdk.staging] to [/Users/r/Downloads/google-cloud-sdk]
2018-07-11 20:30:15,900 INFO     ___FILE_ONLY___ ══════════════════════════════
2018-07-11 20:30:15,900 INFO     ___FILE_ONLY___ ╝

2018-07-11 20:30:15,911 DEBUG    root            Updating notification cache...
2018-07-11 20:30:15,912 INFO     ___FILE_ONLY___ 

2018-07-11 20:30:15,912 INFO     ___FILE_ONLY___ Performing post processing steps...
2018-07-11 20:30:15,914 DEBUG    root            Executing command: ['/usr/local/Cellar/python@2/2.7.15_1/Frameworks/Python.framework/Versions/2.7/Resources/Python.app/Contents/MacOS/Python', u'-S', u'/Users/r/Downloads/google-cloud-sdk/lib/gcloud.py', u'components', u'post-process']
2018-07-11 20:30:30,967 DEBUG    ___FILE_ONLY___ 
2018-07-11 20:30:30,967 DEBUG    ___FILE_ONLY___ 
2018-07-11 20:30:31,118 INFO     ___FILE_ONLY___ 
Update done!


2018-07-11 20:30:31,176 INFO     root            Display format: "none"
