2021-02-19 14:05:26,383 DEBUG    root            Loaded Command Group: ['gcloud', 'components']
2021-02-19 14:05:26,388 DEBUG    root            Loaded Command Group: ['gcloud', 'components', 'update']
2021-02-19 14:05:26,390 DEBUG    root            Running [gcloud.components.update] with arguments: [--allow-no-backup: "True", --quiet: "True", COMPONENT-IDS:7: "['core', 'gcloud-deps', 'bq', 'gcloud', 'gsutil', 'anthoscli', 'kuberun']"]
2021-02-19 14:05:26,391 INFO     ___FILE_ONLY___ Beginning update. This process may take several minutes.

2021-02-19 14:05:26,634 INFO     ___FILE_ONLY___ 

2021-02-19 14:05:26,635 INFO     ___FILE_ONLY___ 
Your current Cloud SDK version is: 328.0.0

2021-02-19 14:05:26,635 INFO     ___FILE_ONLY___ Installing components from version: 328.0.0

2021-02-19 14:05:26,635 INFO     ___FILE_ONLY___ 

2021-02-19 14:05:26,772 INFO     ___FILE_ONLY___ ┌─────────────────────────────────────────────────────────────────────────────┐
2021-02-19 14:05:26,772 INFO     ___FILE_ONLY___ 

2021-02-19 14:05:26,772 INFO     ___FILE_ONLY___ │                     These components will be installed.                     │
2021-02-19 14:05:26,772 INFO     ___FILE_ONLY___ 

2021-02-19 14:05:26,772 INFO     ___FILE_ONLY___ ├─────────────────────────────────────────────────────┬────────────┬──────────┤
2021-02-19 14:05:26,772 INFO     ___FILE_ONLY___ 

2021-02-19 14:05:26,772 INFO     ___FILE_ONLY___ │                         Name                        │  Version   │   Size   │
2021-02-19 14:05:26,772 INFO     ___FILE_ONLY___ 

2021-02-19 14:05:26,772 INFO     ___FILE_ONLY___ ├─────────────────────────────────────────────────────┼────────────┼──────────┤
2021-02-19 14:05:26,772 INFO     ___FILE_ONLY___ 

2021-02-19 14:05:26,773 INFO     ___FILE_ONLY___ │ 
2021-02-19 14:05:26,773 INFO     ___FILE_ONLY___ BigQuery Command Line Tool                         
2021-02-19 14:05:26,773 INFO     ___FILE_ONLY___  
2021-02-19 14:05:26,773 INFO     ___FILE_ONLY___ │ 
2021-02-19 14:05:26,773 INFO     ___FILE_ONLY___     2.0.65
2021-02-19 14:05:26,773 INFO     ___FILE_ONLY___  
2021-02-19 14:05:26,773 INFO     ___FILE_ONLY___ │ 
2021-02-19 14:05:26,773 INFO     ___FILE_ONLY___  < 1 MiB
2021-02-19 14:05:26,773 INFO     ___FILE_ONLY___  
2021-02-19 14:05:26,773 INFO     ___FILE_ONLY___ │
2021-02-19 14:05:26,774 INFO     ___FILE_ONLY___ 

2021-02-19 14:05:26,774 INFO     ___FILE_ONLY___ │ 
2021-02-19 14:05:26,774 INFO     ___FILE_ONLY___ BigQuery Command Line Tool (Platform Specific)     
2021-02-19 14:05:26,774 INFO     ___FILE_ONLY___  
2021-02-19 14:05:26,774 INFO     ___FILE_ONLY___ │ 
2021-02-19 14:05:26,774 INFO     ___FILE_ONLY___     2.0.64
2021-02-19 14:05:26,774 INFO     ___FILE_ONLY___  
2021-02-19 14:05:26,774 INFO     ___FILE_ONLY___ │ 
2021-02-19 14:05:26,774 INFO     ___FILE_ONLY___  < 1 MiB
2021-02-19 14:05:26,774 INFO     ___FILE_ONLY___  
2021-02-19 14:05:26,774 INFO     ___FILE_ONLY___ │
2021-02-19 14:05:26,774 INFO     ___FILE_ONLY___ 

2021-02-19 14:05:26,775 INFO     ___FILE_ONLY___ │ 
2021-02-19 14:05:26,775 INFO     ___FILE_ONLY___ Cloud SDK Core Libraries (Platform Specific)       
2021-02-19 14:05:26,775 INFO     ___FILE_ONLY___  
2021-02-19 14:05:26,775 INFO     ___FILE_ONLY___ │ 
2021-02-19 14:05:26,775 INFO     ___FILE_ONLY___ 2021.02.05
2021-02-19 14:05:26,775 INFO     ___FILE_ONLY___  
2021-02-19 14:05:26,775 INFO     ___FILE_ONLY___ │ 
2021-02-19 14:05:26,775 INFO     ___FILE_ONLY___  < 1 MiB
2021-02-19 14:05:26,775 INFO     ___FILE_ONLY___  
2021-02-19 14:05:26,775 INFO     ___FILE_ONLY___ │
2021-02-19 14:05:26,775 INFO     ___FILE_ONLY___ 

2021-02-19 14:05:26,775 INFO     ___FILE_ONLY___ │ 
2021-02-19 14:05:26,776 INFO     ___FILE_ONLY___ Cloud Storage Command Line Tool                    
2021-02-19 14:05:26,776 INFO     ___FILE_ONLY___  
2021-02-19 14:05:26,776 INFO     ___FILE_ONLY___ │ 
2021-02-19 14:05:26,776 INFO     ___FILE_ONLY___       4.59
2021-02-19 14:05:26,776 INFO     ___FILE_ONLY___  
2021-02-19 14:05:26,776 INFO     ___FILE_ONLY___ │ 
2021-02-19 14:05:26,776 INFO     ___FILE_ONLY___  3.9 MiB
2021-02-19 14:05:26,776 INFO     ___FILE_ONLY___  
2021-02-19 14:05:26,776 INFO     ___FILE_ONLY___ │
2021-02-19 14:05:26,776 INFO     ___FILE_ONLY___ 

2021-02-19 14:05:26,777 INFO     ___FILE_ONLY___ │ 
2021-02-19 14:05:26,777 INFO     ___FILE_ONLY___ Cloud Storage Command Line Tool (Platform Specific)
2021-02-19 14:05:26,777 INFO     ___FILE_ONLY___  
2021-02-19 14:05:26,777 INFO     ___FILE_ONLY___ │ 
2021-02-19 14:05:26,777 INFO     ___FILE_ONLY___       4.58
2021-02-19 14:05:26,777 INFO     ___FILE_ONLY___  
2021-02-19 14:05:26,777 INFO     ___FILE_ONLY___ │ 
2021-02-19 14:05:26,777 INFO     ___FILE_ONLY___  < 1 MiB
2021-02-19 14:05:26,777 INFO     ___FILE_ONLY___  
2021-02-19 14:05:26,777 INFO     ___FILE_ONLY___ │
2021-02-19 14:05:26,777 INFO     ___FILE_ONLY___ 

2021-02-19 14:05:26,777 INFO     ___FILE_ONLY___ │ 
2021-02-19 14:05:26,778 INFO     ___FILE_ONLY___ Kuberun                                            
2021-02-19 14:05:26,778 INFO     ___FILE_ONLY___  
2021-02-19 14:05:26,778 INFO     ___FILE_ONLY___ │ 
2021-02-19 14:05:26,778 INFO     ___FILE_ONLY___      0.0.9
2021-02-19 14:05:26,778 INFO     ___FILE_ONLY___  
2021-02-19 14:05:26,778 INFO     ___FILE_ONLY___ │ 
2021-02-19 14:05:26,778 INFO     ___FILE_ONLY___ 20.5 MiB
2021-02-19 14:05:26,778 INFO     ___FILE_ONLY___  
2021-02-19 14:05:26,778 INFO     ___FILE_ONLY___ │
2021-02-19 14:05:26,778 INFO     ___FILE_ONLY___ 

2021-02-19 14:05:26,778 INFO     ___FILE_ONLY___ │ 
2021-02-19 14:05:26,778 INFO     ___FILE_ONLY___ anthoscli                                          
2021-02-19 14:05:26,778 INFO     ___FILE_ONLY___  
2021-02-19 14:05:26,778 INFO     ___FILE_ONLY___ │ 
2021-02-19 14:05:26,778 INFO     ___FILE_ONLY___      0.2.7
2021-02-19 14:05:26,779 INFO     ___FILE_ONLY___  
2021-02-19 14:05:26,779 INFO     ___FILE_ONLY___ │ 
2021-02-19 14:05:26,779 INFO     ___FILE_ONLY___ 52.0 MiB
2021-02-19 14:05:26,779 INFO     ___FILE_ONLY___  
2021-02-19 14:05:26,779 INFO     ___FILE_ONLY___ │
2021-02-19 14:05:26,779 INFO     ___FILE_ONLY___ 

2021-02-19 14:05:26,779 INFO     ___FILE_ONLY___ │ 
2021-02-19 14:05:26,779 INFO     ___FILE_ONLY___ gcloud cli dependencies                            
2021-02-19 14:05:26,779 INFO     ___FILE_ONLY___  
2021-02-19 14:05:26,779 INFO     ___FILE_ONLY___ │ 
2021-02-19 14:05:26,779 INFO     ___FILE_ONLY___ 2020.06.12
2021-02-19 14:05:26,779 INFO     ___FILE_ONLY___  
2021-02-19 14:05:26,779 INFO     ___FILE_ONLY___ │ 
2021-02-19 14:05:26,779 INFO     ___FILE_ONLY___  < 1 MiB
2021-02-19 14:05:26,779 INFO     ___FILE_ONLY___  
2021-02-19 14:05:26,780 INFO     ___FILE_ONLY___ │
2021-02-19 14:05:26,780 INFO     ___FILE_ONLY___ 

2021-02-19 14:05:26,780 INFO     ___FILE_ONLY___ └─────────────────────────────────────────────────────┴────────────┴──────────┘
2021-02-19 14:05:26,780 INFO     ___FILE_ONLY___ 

2021-02-19 14:05:26,780 INFO     ___FILE_ONLY___ 

2021-02-19 14:05:27,224 INFO     ___FILE_ONLY___ For the latest full release notes, please visit:
  https://cloud.google.com/sdk/release_notes


2021-02-19 14:05:27,224 INFO     ___FILE_ONLY___ ╔════════════════════════════════════════════════════════════╗

2021-02-19 14:05:27,224 INFO     ___FILE_ONLY___ ╠═ Creating update staging area                             ═╣

2021-02-19 14:05:27,225 INFO     ___FILE_ONLY___ ╚
2021-02-19 14:05:27,225 INFO     ___FILE_ONLY___ ══════
2021-02-19 14:05:27,225 INFO     ___FILE_ONLY___ ══════
2021-02-19 14:05:27,225 INFO     ___FILE_ONLY___ ══════
2021-02-19 14:05:27,436 INFO     ___FILE_ONLY___ ═
2021-02-19 14:05:27,756 INFO     ___FILE_ONLY___ ═
2021-02-19 14:05:27,867 INFO     ___FILE_ONLY___ ═
2021-02-19 14:05:27,997 INFO     ___FILE_ONLY___ ═
2021-02-19 14:05:28,091 INFO     ___FILE_ONLY___ ═
2021-02-19 14:05:28,232 INFO     ___FILE_ONLY___ ═
2021-02-19 14:05:28,351 INFO     ___FILE_ONLY___ ═
2021-02-19 14:05:28,482 INFO     ___FILE_ONLY___ ═
2021-02-19 14:05:28,605 INFO     ___FILE_ONLY___ ═
2021-02-19 14:05:28,727 INFO     ___FILE_ONLY___ ═
2021-02-19 14:05:28,865 INFO     ___FILE_ONLY___ ═
2021-02-19 14:05:29,047 INFO     ___FILE_ONLY___ ═
2021-02-19 14:05:29,214 INFO     ___FILE_ONLY___ ═
2021-02-19 14:05:29,365 INFO     ___FILE_ONLY___ ═
2021-02-19 14:05:29,548 INFO     ___FILE_ONLY___ ═
2021-02-19 14:05:29,706 INFO     ___FILE_ONLY___ ═
2021-02-19 14:05:29,909 INFO     ___FILE_ONLY___ ═
2021-02-19 14:05:30,115 INFO     ___FILE_ONLY___ ═
2021-02-19 14:05:30,338 INFO     ___FILE_ONLY___ ═
2021-02-19 14:05:30,528 INFO     ___FILE_ONLY___ ═
2021-02-19 14:05:30,698 INFO     ___FILE_ONLY___ ═
2021-02-19 14:05:30,884 INFO     ___FILE_ONLY___ ═
2021-02-19 14:05:31,035 INFO     ___FILE_ONLY___ ═
2021-02-19 14:05:31,271 INFO     ___FILE_ONLY___ ═
2021-02-19 14:05:31,568 INFO     ___FILE_ONLY___ ═
2021-02-19 14:05:31,746 INFO     ___FILE_ONLY___ ═
2021-02-19 14:05:31,938 INFO     ___FILE_ONLY___ ═
2021-02-19 14:05:32,133 INFO     ___FILE_ONLY___ ═
2021-02-19 14:05:32,348 INFO     ___FILE_ONLY___ ═
2021-02-19 14:05:32,664 INFO     ___FILE_ONLY___ ═
2021-02-19 14:05:32,981 INFO     ___FILE_ONLY___ ═
2021-02-19 14:05:33,304 INFO     ___FILE_ONLY___ ═
2021-02-19 14:05:33,730 INFO     ___FILE_ONLY___ ═
2021-02-19 14:05:33,810 INFO     ___FILE_ONLY___ ═
2021-02-19 14:05:33,911 INFO     ___FILE_ONLY___ ═
2021-02-19 14:05:33,989 INFO     ___FILE_ONLY___ ═
2021-02-19 14:05:34,065 INFO     ___FILE_ONLY___ ═
2021-02-19 14:05:34,141 INFO     ___FILE_ONLY___ ═
2021-02-19 14:05:34,221 INFO     ___FILE_ONLY___ ═
2021-02-19 14:05:34,303 INFO     ___FILE_ONLY___ ═
2021-02-19 14:05:34,385 INFO     ___FILE_ONLY___ ═
2021-02-19 14:05:34,669 INFO     ___FILE_ONLY___ ═
2021-02-19 14:05:34,670 INFO     ___FILE_ONLY___ ╝

2021-02-19 14:05:35,535 INFO     ___FILE_ONLY___ ╔════════════════════════════════════════════════════════════╗

2021-02-19 14:05:35,535 INFO     ___FILE_ONLY___ ╠═ Installing: BigQuery Command Line Tool                   ═╣

2021-02-19 14:05:35,535 INFO     ___FILE_ONLY___ ╚
2021-02-19 14:05:35,689 INFO     ___FILE_ONLY___ ═
2021-02-19 14:05:35,712 INFO     ___FILE_ONLY___ ═
2021-02-19 14:05:35,739 INFO     ___FILE_ONLY___ ═
2021-02-19 14:05:35,753 INFO     ___FILE_ONLY___ ═
2021-02-19 14:05:35,760 INFO     ___FILE_ONLY___ ═
2021-02-19 14:05:35,771 INFO     ___FILE_ONLY___ ═
2021-02-19 14:05:35,774 INFO     ___FILE_ONLY___ ═
2021-02-19 14:05:35,811 INFO     ___FILE_ONLY___ ═
2021-02-19 14:05:35,815 INFO     ___FILE_ONLY___ ═
2021-02-19 14:05:35,819 INFO     ___FILE_ONLY___ ═
2021-02-19 14:05:35,823 INFO     ___FILE_ONLY___ ═
2021-02-19 14:05:35,827 INFO     ___FILE_ONLY___ ═
2021-02-19 14:05:35,831 INFO     ___FILE_ONLY___ ═
2021-02-19 14:05:35,836 INFO     ___FILE_ONLY___ ═
2021-02-19 14:05:35,858 INFO     ___FILE_ONLY___ ═
2021-02-19 14:05:35,860 INFO     ___FILE_ONLY___ ═
2021-02-19 14:05:35,862 INFO     ___FILE_ONLY___ ═
2021-02-19 14:05:35,865 INFO     ___FILE_ONLY___ ═
2021-02-19 14:05:35,868 INFO     ___FILE_ONLY___ ═
2021-02-19 14:05:35,871 INFO     ___FILE_ONLY___ ═
2021-02-19 14:05:35,873 INFO     ___FILE_ONLY___ ═
2021-02-19 14:05:35,880 INFO     ___FILE_ONLY___ ═
2021-02-19 14:05:35,883 INFO     ___FILE_ONLY___ ═
2021-02-19 14:05:35,886 INFO     ___FILE_ONLY___ ═
2021-02-19 14:05:35,888 INFO     ___FILE_ONLY___ ═
2021-02-19 14:05:35,891 INFO     ___FILE_ONLY___ ═
2021-02-19 14:05:35,915 INFO     ___FILE_ONLY___ ═
2021-02-19 14:05:35,920 INFO     ___FILE_ONLY___ ═
2021-02-19 14:05:35,925 INFO     ___FILE_ONLY___ ═
2021-02-19 14:05:35,929 INFO     ___FILE_ONLY___ ═
2021-02-19 14:05:35,963 INFO     ___FILE_ONLY___ ═
2021-02-19 14:05:35,970 INFO     ___FILE_ONLY___ ═
2021-02-19 14:05:35,974 INFO     ___FILE_ONLY___ ═
2021-02-19 14:05:35,978 INFO     ___FILE_ONLY___ ═
2021-02-19 14:05:35,983 INFO     ___FILE_ONLY___ ═
2021-02-19 14:05:35,987 INFO     ___FILE_ONLY___ ═
2021-02-19 14:05:35,990 INFO     ___FILE_ONLY___ ═
2021-02-19 14:05:35,993 INFO     ___FILE_ONLY___ ═
2021-02-19 14:05:35,999 INFO     ___FILE_ONLY___ ═
2021-02-19 14:05:36,003 INFO     ___FILE_ONLY___ ═
2021-02-19 14:05:36,009 INFO     ___FILE_ONLY___ ═
2021-02-19 14:05:36,016 INFO     ___FILE_ONLY___ ═
2021-02-19 14:05:36,019 INFO     ___FILE_ONLY___ ═
2021-02-19 14:05:36,024 INFO     ___FILE_ONLY___ ═
2021-02-19 14:05:36,027 INFO     ___FILE_ONLY___ ═
2021-02-19 14:05:36,031 INFO     ___FILE_ONLY___ ═
2021-02-19 14:05:36,034 INFO     ___FILE_ONLY___ ═
2021-02-19 14:05:36,039 INFO     ___FILE_ONLY___ ═
2021-02-19 14:05:36,042 INFO     ___FILE_ONLY___ ═
2021-02-19 14:05:36,048 INFO     ___FILE_ONLY___ ═
2021-02-19 14:05:36,052 INFO     ___FILE_ONLY___ ═
2021-02-19 14:05:36,056 INFO     ___FILE_ONLY___ ═
2021-02-19 14:05:36,060 INFO     ___FILE_ONLY___ ═
2021-02-19 14:05:36,064 INFO     ___FILE_ONLY___ ═
2021-02-19 14:05:36,069 INFO     ___FILE_ONLY___ ═
2021-02-19 14:05:36,075 INFO     ___FILE_ONLY___ ═
2021-02-19 14:05:36,080 INFO     ___FILE_ONLY___ ═
2021-02-19 14:05:36,083 INFO     ___FILE_ONLY___ ═
2021-02-19 14:05:36,087 INFO     ___FILE_ONLY___ ═
2021-02-19 14:05:36,092 INFO     ___FILE_ONLY___ ═
2021-02-19 14:05:36,092 INFO     ___FILE_ONLY___ ╝

2021-02-19 14:05:36,100 INFO     ___FILE_ONLY___ ╔════════════════════════════════════════════════════════════╗

2021-02-19 14:05:36,100 INFO     ___FILE_ONLY___ ╠═ Installing: BigQuery Command Line Tool (Platform Spec... ═╣

2021-02-19 14:05:36,100 INFO     ___FILE_ONLY___ ╚
2021-02-19 14:05:36,211 INFO     ___FILE_ONLY___ ══════════════════════════════
2021-02-19 14:05:36,212 INFO     ___FILE_ONLY___ ══════════════════════════════
2021-02-19 14:05:36,212 INFO     ___FILE_ONLY___ ╝

2021-02-19 14:05:36,215 INFO     ___FILE_ONLY___ ╔════════════════════════════════════════════════════════════╗

2021-02-19 14:05:36,215 INFO     ___FILE_ONLY___ ╠═ Installing: Cloud SDK Core Libraries (Platform Specific) ═╣

2021-02-19 14:05:36,215 INFO     ___FILE_ONLY___ ╚
2021-02-19 14:05:36,364 INFO     ___FILE_ONLY___ ══════════════════════════════
2021-02-19 14:05:36,365 INFO     ___FILE_ONLY___ ═══════════════
2021-02-19 14:05:36,365 INFO     ___FILE_ONLY___ ═══════════════
2021-02-19 14:05:36,366 INFO     ___FILE_ONLY___ ╝

2021-02-19 14:05:36,369 INFO     ___FILE_ONLY___ ╔════════════════════════════════════════════════════════════╗

2021-02-19 14:05:36,369 INFO     ___FILE_ONLY___ ╠═ Installing: Cloud Storage Command Line Tool              ═╣

2021-02-19 14:05:36,369 INFO     ___FILE_ONLY___ ╚
2021-02-19 14:05:36,566 INFO     ___FILE_ONLY___ ═
2021-02-19 14:05:36,620 INFO     ___FILE_ONLY___ ═
2021-02-19 14:05:36,673 INFO     ___FILE_ONLY___ ═
2021-02-19 14:05:36,729 INFO     ___FILE_ONLY___ ═
2021-02-19 14:05:36,748 INFO     ___FILE_ONLY___ ═
2021-02-19 14:05:36,778 INFO     ___FILE_ONLY___ ═
2021-02-19 14:05:36,791 INFO     ___FILE_ONLY___ ═
2021-02-19 14:05:36,802 INFO     ___FILE_ONLY___ ═
2021-02-19 14:05:36,851 INFO     ___FILE_ONLY___ ═
2021-02-19 14:05:36,881 INFO     ___FILE_ONLY___ ═
2021-02-19 14:05:36,897 INFO     ___FILE_ONLY___ ═
2021-02-19 14:05:36,919 INFO     ___FILE_ONLY___ ═
2021-02-19 14:05:36,935 INFO     ___FILE_ONLY___ ═
2021-02-19 14:05:36,967 INFO     ___FILE_ONLY___ ═
2021-02-19 14:05:36,989 INFO     ___FILE_ONLY___ ═
2021-02-19 14:05:37,005 INFO     ___FILE_ONLY___ ═
2021-02-19 14:05:37,025 INFO     ___FILE_ONLY___ ═
2021-02-19 14:05:37,041 INFO     ___FILE_ONLY___ ═
2021-02-19 14:05:37,085 INFO     ___FILE_ONLY___ ═
2021-02-19 14:05:37,095 INFO     ___FILE_ONLY___ ═
2021-02-19 14:05:37,115 INFO     ___FILE_ONLY___ ═
2021-02-19 14:05:37,141 INFO     ___FILE_ONLY___ ═
2021-02-19 14:05:37,157 INFO     ___FILE_ONLY___ ═
2021-02-19 14:05:37,173 INFO     ___FILE_ONLY___ ═
2021-02-19 14:05:37,198 INFO     ___FILE_ONLY___ ═
2021-02-19 14:05:37,208 INFO     ___FILE_ONLY___ ═
2021-02-19 14:05:37,218 INFO     ___FILE_ONLY___ ═
2021-02-19 14:05:37,246 INFO     ___FILE_ONLY___ ═
2021-02-19 14:05:37,264 INFO     ___FILE_ONLY___ ═
2021-02-19 14:05:37,279 INFO     ___FILE_ONLY___ ═
2021-02-19 14:05:37,455 INFO     ___FILE_ONLY___ ═
2021-02-19 14:05:37,473 INFO     ___FILE_ONLY___ ═
2021-02-19 14:05:37,495 INFO     ___FILE_ONLY___ ═
2021-02-19 14:05:37,514 INFO     ___FILE_ONLY___ ═
2021-02-19 14:05:37,533 INFO     ___FILE_ONLY___ ═
2021-02-19 14:05:37,553 INFO     ___FILE_ONLY___ ═
2021-02-19 14:05:37,573 INFO     ___FILE_ONLY___ ═
2021-02-19 14:05:37,607 INFO     ___FILE_ONLY___ ═
2021-02-19 14:05:37,636 INFO     ___FILE_ONLY___ ═
2021-02-19 14:05:37,661 INFO     ___FILE_ONLY___ ═
2021-02-19 14:05:37,687 INFO     ___FILE_ONLY___ ═
2021-02-19 14:05:37,719 INFO     ___FILE_ONLY___ ═
2021-02-19 14:05:37,754 INFO     ___FILE_ONLY___ ═
2021-02-19 14:05:37,783 INFO     ___FILE_ONLY___ ═
2021-02-19 14:05:37,860 INFO     ___FILE_ONLY___ ═
2021-02-19 14:05:37,882 INFO     ___FILE_ONLY___ ═
2021-02-19 14:05:37,920 INFO     ___FILE_ONLY___ ═
2021-02-19 14:05:37,947 INFO     ___FILE_ONLY___ ═
2021-02-19 14:05:37,974 INFO     ___FILE_ONLY___ ═
2021-02-19 14:05:38,001 INFO     ___FILE_ONLY___ ═
2021-02-19 14:05:38,031 INFO     ___FILE_ONLY___ ═
2021-02-19 14:05:38,059 INFO     ___FILE_ONLY___ ═
2021-02-19 14:05:38,085 INFO     ___FILE_ONLY___ ═
2021-02-19 14:05:38,106 INFO     ___FILE_ONLY___ ═
2021-02-19 14:05:38,125 INFO     ___FILE_ONLY___ ═
2021-02-19 14:05:38,144 INFO     ___FILE_ONLY___ ═
2021-02-19 14:05:38,163 INFO     ___FILE_ONLY___ ═
2021-02-19 14:05:38,184 INFO     ___FILE_ONLY___ ═
2021-02-19 14:05:38,213 INFO     ___FILE_ONLY___ ═
2021-02-19 14:05:38,239 INFO     ___FILE_ONLY___ ═
2021-02-19 14:05:38,239 INFO     ___FILE_ONLY___ ╝

2021-02-19 14:05:38,273 INFO     ___FILE_ONLY___ ╔════════════════════════════════════════════════════════════╗

2021-02-19 14:05:38,273 INFO     ___FILE_ONLY___ ╠═ Installing: Cloud Storage Command Line Tool (Platform... ═╣

2021-02-19 14:05:38,273 INFO     ___FILE_ONLY___ ╚
2021-02-19 14:05:38,383 INFO     ___FILE_ONLY___ ══════════════════════════════
2021-02-19 14:05:38,384 INFO     ___FILE_ONLY___ ══════════════════════════════
2021-02-19 14:05:38,384 INFO     ___FILE_ONLY___ ╝

2021-02-19 14:05:38,387 INFO     ___FILE_ONLY___ ╔════════════════════════════════════════════════════════════╗

2021-02-19 14:05:38,387 INFO     ___FILE_ONLY___ ╠═ Installing: Default set of gcloud commands               ═╣

2021-02-19 14:05:38,387 INFO     ___FILE_ONLY___ ╚
2021-02-19 14:05:38,389 INFO     ___FILE_ONLY___ ════════════════════════════════════════════════════════════
2021-02-19 14:05:38,389 INFO     ___FILE_ONLY___ ╝

2021-02-19 14:05:38,390 INFO     ___FILE_ONLY___ ╔════════════════════════════════════════════════════════════╗

2021-02-19 14:05:38,390 INFO     ___FILE_ONLY___ ╠═ Installing: Kuberun                                      ═╣

2021-02-19 14:05:38,390 INFO     ___FILE_ONLY___ ╚
2021-02-19 14:05:38,392 INFO     ___FILE_ONLY___ ════════════════════════════════════════════════════════════
2021-02-19 14:05:38,392 INFO     ___FILE_ONLY___ ╝

2021-02-19 14:05:38,393 INFO     ___FILE_ONLY___ ╔════════════════════════════════════════════════════════════╗

2021-02-19 14:05:38,393 INFO     ___FILE_ONLY___ ╠═ Installing: Kuberun                                      ═╣

2021-02-19 14:05:38,393 INFO     ___FILE_ONLY___ ╚
2021-02-19 14:05:38,758 INFO     ___FILE_ONLY___ ═
2021-02-19 14:05:38,876 INFO     ___FILE_ONLY___ ═
2021-02-19 14:05:39,018 INFO     ___FILE_ONLY___ ═
2021-02-19 14:05:39,111 INFO     ___FILE_ONLY___ ═
2021-02-19 14:05:39,236 INFO     ___FILE_ONLY___ ═
2021-02-19 14:05:39,328 INFO     ___FILE_ONLY___ ═
2021-02-19 14:05:39,418 INFO     ___FILE_ONLY___ ═
2021-02-19 14:05:39,476 INFO     ___FILE_ONLY___ ═
2021-02-19 14:05:39,570 INFO     ___FILE_ONLY___ ═
2021-02-19 14:05:39,663 INFO     ___FILE_ONLY___ ═
2021-02-19 14:05:39,740 INFO     ___FILE_ONLY___ ═
2021-02-19 14:05:39,801 INFO     ___FILE_ONLY___ ═
2021-02-19 14:05:39,912 INFO     ___FILE_ONLY___ ═
2021-02-19 14:05:40,001 INFO     ___FILE_ONLY___ ═
2021-02-19 14:05:40,099 INFO     ___FILE_ONLY___ ═
2021-02-19 14:05:40,218 INFO     ___FILE_ONLY___ ═
2021-02-19 14:05:40,298 INFO     ___FILE_ONLY___ ═
2021-02-19 14:05:40,379 INFO     ___FILE_ONLY___ ═
2021-02-19 14:05:40,491 INFO     ___FILE_ONLY___ ═
2021-02-19 14:05:40,611 INFO     ___FILE_ONLY___ ═
2021-02-19 14:05:40,739 INFO     ___FILE_ONLY___ ═
2021-02-19 14:05:40,857 INFO     ___FILE_ONLY___ ═
2021-02-19 14:05:40,978 INFO     ___FILE_ONLY___ ═
2021-02-19 14:05:41,104 INFO     ___FILE_ONLY___ ═
2021-02-19 14:05:41,236 INFO     ___FILE_ONLY___ ═
2021-02-19 14:05:41,430 INFO     ___FILE_ONLY___ ═
2021-02-19 14:05:41,578 INFO     ___FILE_ONLY___ ═
2021-02-19 14:05:41,721 INFO     ___FILE_ONLY___ ═
2021-02-19 14:05:41,846 INFO     ___FILE_ONLY___ ═
2021-02-19 14:05:41,984 INFO     ___FILE_ONLY___ ═
2021-02-19 14:05:42,423 INFO     ___FILE_ONLY___ ═
2021-02-19 14:05:42,423 INFO     ___FILE_ONLY___ ═
2021-02-19 14:05:42,424 INFO     ___FILE_ONLY___ ═
2021-02-19 14:05:42,424 INFO     ___FILE_ONLY___ ═
2021-02-19 14:05:42,424 INFO     ___FILE_ONLY___ ═
2021-02-19 14:05:42,425 INFO     ___FILE_ONLY___ ═
2021-02-19 14:05:42,425 INFO     ___FILE_ONLY___ ══
2021-02-19 14:05:42,425 INFO     ___FILE_ONLY___ ═
2021-02-19 14:05:42,426 INFO     ___FILE_ONLY___ ═
2021-02-19 14:05:42,426 INFO     ___FILE_ONLY___ ═
2021-02-19 14:05:42,426 INFO     ___FILE_ONLY___ ═
2021-02-19 14:05:42,427 INFO     ___FILE_ONLY___ ═
2021-02-19 14:05:42,427 INFO     ___FILE_ONLY___ ══
2021-02-19 14:05:42,427 INFO     ___FILE_ONLY___ ═
2021-02-19 14:05:42,428 INFO     ___FILE_ONLY___ ═
2021-02-19 14:05:42,429 INFO     ___FILE_ONLY___ ═
2021-02-19 14:05:42,429 INFO     ___FILE_ONLY___ ═
2021-02-19 14:05:42,429 INFO     ___FILE_ONLY___ ═
2021-02-19 14:05:42,430 INFO     ___FILE_ONLY___ ═
2021-02-19 14:05:42,430 INFO     ___FILE_ONLY___ ══
2021-02-19 14:05:42,430 INFO     ___FILE_ONLY___ ═
2021-02-19 14:05:42,431 INFO     ___FILE_ONLY___ ═
2021-02-19 14:05:42,431 INFO     ___FILE_ONLY___ ═
2021-02-19 14:05:42,431 INFO     ___FILE_ONLY___ ═
2021-02-19 14:05:42,431 INFO     ___FILE_ONLY___ ═
2021-02-19 14:05:42,432 INFO     ___FILE_ONLY___ ══
2021-02-19 14:05:42,433 INFO     ___FILE_ONLY___ ╝

2021-02-19 14:05:42,438 INFO     ___FILE_ONLY___ ╔════════════════════════════════════════════════════════════╗

2021-02-19 14:05:42,438 INFO     ___FILE_ONLY___ ╠═ Installing: anthoscli                                    ═╣

2021-02-19 14:05:42,438 INFO     ___FILE_ONLY___ ╚
2021-02-19 14:05:43,075 INFO     ___FILE_ONLY___ ═
2021-02-19 14:05:43,399 INFO     ___FILE_ONLY___ ═
2021-02-19 14:05:43,669 INFO     ___FILE_ONLY___ ═
2021-02-19 14:05:43,970 INFO     ___FILE_ONLY___ ═
2021-02-19 14:05:44,274 INFO     ___FILE_ONLY___ ═
2021-02-19 14:05:44,712 INFO     ___FILE_ONLY___ ═
2021-02-19 14:05:45,041 INFO     ___FILE_ONLY___ ═
2021-02-19 14:05:45,553 INFO     ___FILE_ONLY___ ═
2021-02-19 14:05:45,932 INFO     ___FILE_ONLY___ ═
2021-02-19 14:05:46,451 INFO     ___FILE_ONLY___ ═
2021-02-19 14:05:46,810 INFO     ___FILE_ONLY___ ═
2021-02-19 14:05:47,142 INFO     ___FILE_ONLY___ ═
2021-02-19 14:05:47,600 INFO     ___FILE_ONLY___ ═
2021-02-19 14:05:48,127 INFO     ___FILE_ONLY___ ═
2021-02-19 14:05:48,618 INFO     ___FILE_ONLY___ ═
2021-02-19 14:05:48,975 INFO     ___FILE_ONLY___ ═
2021-02-19 14:05:49,414 INFO     ___FILE_ONLY___ ═
2021-02-19 14:05:49,743 INFO     ___FILE_ONLY___ ═
2021-02-19 14:05:50,256 INFO     ___FILE_ONLY___ ═
2021-02-19 14:05:50,690 INFO     ___FILE_ONLY___ ═
2021-02-19 14:05:51,947 INFO     ___FILE_ONLY___ ═
2021-02-19 14:05:52,219 INFO     ___FILE_ONLY___ ═
2021-02-19 14:05:52,518 INFO     ___FILE_ONLY___ ═
2021-02-19 14:05:52,912 INFO     ___FILE_ONLY___ ═
2021-02-19 14:05:53,312 INFO     ___FILE_ONLY___ ═
2021-02-19 14:05:53,574 INFO     ___FILE_ONLY___ ═
2021-02-19 14:05:53,992 INFO     ___FILE_ONLY___ ═
2021-02-19 14:05:54,425 INFO     ___FILE_ONLY___ ═
2021-02-19 14:05:54,802 INFO     ___FILE_ONLY___ ═
2021-02-19 14:05:55,337 INFO     ___FILE_ONLY___ ═
2021-02-19 14:05:56,471 INFO     ___FILE_ONLY___ ══════════
2021-02-19 14:05:56,475 INFO     ___FILE_ONLY___ ═════════
2021-02-19 14:05:56,493 INFO     ___FILE_ONLY___ ═══════════
2021-02-19 14:05:56,493 INFO     ___FILE_ONLY___ ╝

2021-02-19 14:05:56,501 INFO     ___FILE_ONLY___ ╔════════════════════════════════════════════════════════════╗

2021-02-19 14:05:56,501 INFO     ___FILE_ONLY___ ╠═ Installing: anthoscli                                    ═╣

2021-02-19 14:05:56,502 INFO     ___FILE_ONLY___ ╚
2021-02-19 14:05:56,505 INFO     ___FILE_ONLY___ ════════════════════════════════════════════════════════════
2021-02-19 14:05:56,505 INFO     ___FILE_ONLY___ ╝

2021-02-19 14:05:56,506 INFO     ___FILE_ONLY___ ╔════════════════════════════════════════════════════════════╗

2021-02-19 14:05:56,506 INFO     ___FILE_ONLY___ ╠═ Installing: gcloud cli dependencies                      ═╣

2021-02-19 14:05:56,506 INFO     ___FILE_ONLY___ ╚
2021-02-19 14:05:56,625 INFO     ___FILE_ONLY___ ══════════════════════════════
2021-02-19 14:05:56,626 INFO     ___FILE_ONLY___ ══════
2021-02-19 14:05:56,627 INFO     ___FILE_ONLY___ ══════
2021-02-19 14:05:56,627 INFO     ___FILE_ONLY___ ══════
2021-02-19 14:05:56,627 INFO     ___FILE_ONLY___ ══════
2021-02-19 14:05:56,628 INFO     ___FILE_ONLY___ ══════
2021-02-19 14:05:56,628 INFO     ___FILE_ONLY___ ╝

2021-02-19 14:05:56,634 INFO     ___FILE_ONLY___ ╔════════════════════════════════════════════════════════════╗

2021-02-19 14:05:56,634 INFO     ___FILE_ONLY___ ╠═ Creating backup and activating new installation          ═╣

2021-02-19 14:05:56,634 INFO     ___FILE_ONLY___ ╚
2021-02-19 14:05:56,634 DEBUG    root            Attempting to move directory [/usr/local/Caskroom/google-cloud-sdk/latest/google-cloud-sdk] to [/usr/local/Caskroom/google-cloud-sdk/latest/google-cloud-sdk.staging/.install/.backup]
2021-02-19 14:05:56,635 INFO     ___FILE_ONLY___ ══════════════════════════════
2021-02-19 14:05:56,636 DEBUG    root            Attempting to move directory [/usr/local/Caskroom/google-cloud-sdk/latest/google-cloud-sdk.staging] to [/usr/local/Caskroom/google-cloud-sdk/latest/google-cloud-sdk]
2021-02-19 14:05:56,636 INFO     ___FILE_ONLY___ ══════════════════════════════
2021-02-19 14:05:56,636 INFO     ___FILE_ONLY___ ╝

2021-02-19 14:05:56,644 DEBUG    root            Updating notification cache...
2021-02-19 14:05:56,646 INFO     ___FILE_ONLY___ 

2021-02-19 14:05:56,646 INFO     ___FILE_ONLY___ Performing post processing steps...
2021-02-19 14:05:56,647 DEBUG    root            Executing command: ['/usr/local/opt/python@3.9/bin/python3', '-S', '/usr/local/Caskroom/google-cloud-sdk/latest/google-cloud-sdk/lib/gcloud.py', 'components', 'post-process']
2021-02-19 14:06:14,270 DEBUG    ___FILE_ONLY___ 
2021-02-19 14:06:14,271 DEBUG    ___FILE_ONLY___ 
2021-02-19 14:06:14,518 INFO     ___FILE_ONLY___ 
Update done!


2021-02-19 14:06:14,522 INFO     root            Display format: "none"
