2021-02-19 14:37:15,230 DEBUG    root            Loaded Command Group: ['gcloud', 'auth']
2021-02-19 14:37:15,244 DEBUG    root            Loaded Command Group: ['gcloud', 'auth', 'list']
2021-02-19 14:37:15,246 DEBUG    root            Running [gcloud.auth.list] with arguments: []
2021-02-19 14:37:15,259 INFO     root            Display format: "    table[title='Credentialed Accounts'](
        status.yesno(yes='*', no=''):label=ACTIVE,
        account
    )"
2021-02-19 14:37:15,338 INFO     ___FILE_ONLY___      Credentialed Accounts
2021-02-19 14:37:15,338 INFO     ___FILE_ONLY___ 

2021-02-19 14:37:15,338 INFO     ___FILE_ONLY___ ACTIVE
2021-02-19 14:37:15,338 INFO     ___FILE_ONLY___   
2021-02-19 14:37:15,338 INFO     ___FILE_ONLY___ ACCOUNT
2021-02-19 14:37:15,339 INFO     ___FILE_ONLY___ 

2021-02-19 14:37:15,339 INFO     ___FILE_ONLY___ *
2021-02-19 14:37:15,339 INFO     ___FILE_ONLY___        
2021-02-19 14:37:15,339 INFO     ___FILE_ONLY___ raihan@wartek.belajar.id
2021-02-19 14:37:15,339 INFO     ___FILE_ONLY___ 

2021-02-19 14:37:15,339 INFO     ___FILE_ONLY___         
2021-02-19 14:37:15,339 INFO     ___FILE_ONLY___ theduckempire@gmail.com
2021-02-19 14:37:15,340 INFO     ___FILE_ONLY___ 

2021-02-19 14:37:15,340 INFO     ___FILE_ONLY___ 
To set the active account, run:
    $ gcloud config set account `ACCOUNT`


