2021-02-19 14:42:51,362 DEBUG    root            Loaded Command Group: ['gcloud', 'config']
2021-02-19 14:42:51,368 DEBUG    root            Loaded Command Group: ['gcloud', 'config', 'config_helper']
2021-02-19 14:42:51,370 DEBUG    root            Running [gcloud.config.config-helper] with arguments: [--format: "json"]
2021-02-19 14:42:51,379 INFO     root            Display format: "default json"
2021-02-19 14:42:51,455 INFO     ___FILE_ONLY___ {
  "configuration": {
    "active_configuration": "default",
    "properties": {
      "compute": {
        "region": "asia-southeast2",
        "zone": "asia-southeast2-a"
      },
      "core": {
        "account": "raihan@wartek.belajar.id",
        "disable_usage_reporting": "True",
        "project": "wartek-staging"
      }
    }
  },
  "credential": {
    "access_token": "ya29.A0AfH6SMCzvtkyi6vL0U7KH2S35XFuPnumJKfJziH2WJwY3gNJm4VnY4w6F82vEDHxsz6fHTHNdW3qOaKxQi1TIe5MqftFn482IKO8zBAakRhwXYRSpA5su7xL5VH22aMTDX2g5z6sqLJSOf441JCjYHacVBN8KCEkCC4j",
    "id_token": "eyJhbGciOiJSUzI1NiIsImtpZCI6ImZkYjQwZTJmOTM1M2M1OGFkZDY0OGI2MzYzNGU1YmJmNjNlNGY1MDIiLCJ0eXAiOiJKV1QifQ.eyJpc3MiOiJodHRwczovL2FjY291bnRzLmdvb2dsZS5jb20iLCJhenAiOiIzMjU1NTk0MDU1OS5hcHBzLmdvb2dsZXVzZXJjb250ZW50LmNvbSIsImF1ZCI6IjMyNTU1OTQwNTU5LmFwcHMuZ29vZ2xldXNlcmNvbnRlbnQuY29tIiwic3ViIjoiMTExMTUzMzE3MTY5ODY4MDA5OTIyIiwiaGQiOiJ3YXJ0ZWsuYmVsYWphci5pZCIsImVtYWlsIjoicmFpaGFuQHdhcnRlay5iZWxhamFyLmlkIiwiZW1haWxfdmVyaWZpZWQiOnRydWUsImF0X2hhc2giOiJXSDVpRzZCV25XdjF3WFNpaU0tYjV3IiwiaWF0IjoxNjEzNzE4NTQxLCJleHAiOjE2MTM3MjIxNDF9.X4cZKdj3PGVWlmUEb7KgkEYJ35f2RLbEou2NiQNVhQbhaBEbNpvhbCWnzGh67XgGCmCnj1SclHM64SrjAMpqHVCatOHOGNxvYsw_M-omGI5PU4MeFlZ0mr_mBPjwJtSVgxruZCh3MoRQofEhhcjWb-YVuLZqDbH8PggLdH2FuZCdLKF-R3IY5PMfl8YkxyPYjy22Ws3BCk8SUA9JtXEtXaQ2HAewjMpbVeO_kRyZAl3o2_O6t3RNF3LQ91OXAnZSuZXoIYVmnf_Cw2R8w1ZklcRBWfCRxgSBPDUf0tprlscwB85j0D5VWQthaEwVwoG3CoaKBPmzjA3EI_V_N01QZA",
    "token_expiry": "2021-02-19T08:09:00Z"
  },
  "sentinels": {
    "config_sentinel": "/Users/rs/.config/gcloud/config_sentinel"
  }
}
2021-02-19 14:42:51,456 INFO     ___FILE_ONLY___ 

